<?xml version="1.0" encoding="UTF-8"?>
<testng-results skipped="0" failed="0" ignored="0" total="1" passed="1">
  <reporter-output>
  </reporter-output>
  <suite name="tech11autov1" duration-ms="6800" started-at="2020-04-11T10:25:20Z" finished-at="2020-04-11T10:25:27Z">
    <groups>
    </groups>
    <test name="tech11 Test" duration-ms="6800" started-at="2020-04-11T10:25:20Z" finished-at="2020-04-11T10:25:27Z">
      <class name="com.tech11autoui.TestCases.Testgooglesearch">
        <test-method status="PASS" signature="setup(java.lang.String)[pri:0, instance:com.tech11autoui.TestCases.Testgooglesearch@77cd7a0]" name="setup" is-config="true" duration-ms="3805" started-at="2020-04-11T10:25:20Z" finished-at="2020-04-11T10:25:24Z">
          <params>
            <param index="0">
              <value>
                <![CDATA[chrome]]>
              </value>
            </param>
          </params>
          <reporter-output>
          </reporter-output>
        </test-method> <!-- setup -->
        <test-method status="PASS" signature="TC01_Searchgoogle()[pri:0, instance:com.tech11autoui.TestCases.Testgooglesearch@77cd7a0]" name="TC01_Searchgoogle" duration-ms="2741" started-at="2020-04-11T10:25:24Z" finished-at="2020-04-11T10:25:27Z">
          <reporter-output>
          </reporter-output>
        </test-method> <!-- TC01_Searchgoogle -->
        <test-method status="PASS" signature="tearDown()[pri:0, instance:com.tech11autoui.TestCases.Testgooglesearch@77cd7a0]" name="tearDown" is-config="true" duration-ms="89" started-at="2020-04-11T10:25:27Z" finished-at="2020-04-11T10:25:27Z">
          <reporter-output>
          </reporter-output>
        </test-method> <!-- tearDown -->
      </class> <!-- com.tech11autoui.TestCases.Testgooglesearch -->
    </test> <!-- tech11 Test -->
  </suite> <!-- tech11autov1 -->
</testng-results>
